<?xml version="1.0" encoding="UTF-8"?>
<!-- Generated by org.testng.reporters.JUnitXMLReporter -->
<testsuite ignored="0" hostname="DESKTOP-MD6PE6Q" failures="0" tests="5" name="Test" time="82.996" errors="0" timestamp="2024-07-16T00:34:28 IST">
  <testcase classname="nopCommerce.LoginTest" name="testLogin" time="6.298"/>
  <testcase classname="nopCommerce.LoginTest" name="testNavigateProductsPage" time="4.307"/>
  <testcase classname="nopCommerce.TestProductPage" name="testLogin" time="4.081"/>
  <testcase classname="nopCommerce.TestProductPage" name="testNavigateProductsPage" time="3.403"/>
  <testcase classname="nopCommerce.TestProductPage" name="testSearchProduct" time="1.533"/>
</testsuite> <!-- Test -->
