<?xml version="1.0" encoding="UTF-8"?>
<testng-results ignored="0" total="5" passed="5" failed="0" skipped="0">
  <reporter-output>
  </reporter-output>
  <suite started-at="2024-07-16T00:33:04 IST" name="Suite" finished-at="2024-07-16T00:34:27 IST" duration-ms="82996">
    <groups>
    </groups>
    <test started-at="2024-07-16T00:33:04 IST" name="Test" finished-at="2024-07-16T00:34:27 IST" duration-ms="82996">
      <class name="nopCommerce.LoginTest">
        <test-method is-config="true" signature="setup()[pri:0, instance:nopCommerce.LoginTest@7ae42ce3]" started-at="2024-07-16T00:33:04 IST" name="setup" finished-at="2024-07-16T00:33:58 IST" duration-ms="53620" status="PASS">
          <reporter-output>
          </reporter-output>
        </test-method> <!-- setup -->
        <test-method signature="testLogin()[pri:0, instance:nopCommerce.LoginTest@7ae42ce3]" started-at="2024-07-16T00:33:58 IST" name="testLogin" finished-at="2024-07-16T00:34:04 IST" duration-ms="6298" status="PASS">
          <reporter-output>
          </reporter-output>
        </test-method> <!-- testLogin -->
        <test-method signature="testNavigateProductsPage()[pri:0, instance:nopCommerce.LoginTest@7ae42ce3]" started-at="2024-07-16T00:34:05 IST" name="testNavigateProductsPage" finished-at="2024-07-16T00:34:09 IST" duration-ms="4307" status="PASS">
          <reporter-output>
          </reporter-output>
        </test-method> <!-- testNavigateProductsPage -->
      </class> <!-- nopCommerce.LoginTest -->
      <class name="nopCommerce.TestProductPage">
        <test-method is-config="true" signature="setup()[pri:0, instance:nopCommerce.TestProductPage@2c07545f]" started-at="2024-07-16T00:34:09 IST" name="setup" finished-at="2024-07-16T00:34:18 IST" duration-ms="9482" status="PASS">
          <reporter-output>
          </reporter-output>
        </test-method> <!-- setup -->
        <test-method signature="testLogin()[pri:1, instance:nopCommerce.TestProductPage@2c07545f]" started-at="2024-07-16T00:34:18 IST" name="testLogin" finished-at="2024-07-16T00:34:22 IST" duration-ms="4081" status="PASS">
          <reporter-output>
          </reporter-output>
        </test-method> <!-- testLogin -->
        <test-method signature="testNavigateProductsPage()[pri:2, instance:nopCommerce.TestProductPage@2c07545f]" started-at="2024-07-16T00:34:22 IST" name="testNavigateProductsPage" finished-at="2024-07-16T00:34:26 IST" duration-ms="3403" status="PASS">
          <reporter-output>
          </reporter-output>
        </test-method> <!-- testNavigateProductsPage -->
        <test-method signature="testSearchProduct()[pri:3, instance:nopCommerce.TestProductPage@2c07545f]" started-at="2024-07-16T00:34:26 IST" name="testSearchProduct" finished-at="2024-07-16T00:34:27 IST" duration-ms="1533" status="PASS">
          <reporter-output>
          </reporter-output>
        </test-method> <!-- testSearchProduct -->
      </class> <!-- nopCommerce.TestProductPage -->
    </test> <!-- Test -->
  </suite> <!-- Suite -->
</testng-results>
